This file contains any messages produced by compilers while
running configure, to aid debugging if configure makes a mistake.

It was created by my_hash_project configure 1.0, which was
generated by GNU Autoconf 2.69.  Invocation command line was

  $ ./configure 

## --------- ##
## Platform. ##
## --------- ##

hostname = soloveva
uname -m = x86_64
uname -r = 6.1.128-un-def-alt1
uname -s = Linux
uname -v = #1 SMP PREEMPT_DYNAMIC Tue Feb 11 14:40:49 UTC 2025

/usr/bin/uname -p = unknown
/bin/uname -X     = unknown

/bin/arch              = unknown
/usr/bin/arch -k       = unknown
/usr/convex/getsysinfo = unknown
/usr/bin/hostinfo      = unknown
/bin/machine           = unknown
/usr/bin/oslevel       = unknown
/bin/universe          = unknown

PATH: /home/user/bin
PATH: /usr/local/bin
PATH: /usr/bin
PATH: /bin
PATH: /usr/games


## ----------- ##
## Core tests. ##
## ----------- ##

configure:1852: checking for a BSD-compatible install
configure:1920: result: /usr/bin/ginstall -c
configure:1931: checking whether build environment is sane
configure:1986: result: yes
configure:2132: checking for a thread-safe mkdir -p
configure:2171: result: /bin/mkdir -p
configure:2178: checking for gawk
configure:2194: found /usr/bin/gawk
configure:2205: result: gawk
configure:2216: checking whether make sets $(MAKE)
configure:2238: result: yes
configure:2267: checking whether make supports nested variables
configure:2284: result: yes
configure:2458: checking for gcc
configure:2474: found /usr/bin/gcc
configure:2485: result: gcc
configure:2714: checking for C compiler version
configure:2723: gcc --version >&5
x86_64-alt-linux-gcc (GCC) 10.3.1 20210703 (ALT Sisyphus 10.3.1-alt2)
Copyright (C) 2020 Free Software Foundation, Inc.
This is free software; see the source for copying conditions.  There is NO
warranty; not even for MERCHANTABILITY or FITNESS FOR A PARTICULAR PURPOSE.

configure:2734: $? = 0
configure:2723: gcc -v >&5
Using built-in specs.
COLLECT_GCC=x86_64-alt-linux-gcc
COLLECT_LTO_WRAPPER=/usr/libexec/gcc/x86_64-alt-linux/10/lto-wrapper
Target: x86_64-alt-linux
Configured with: ../configure --host=x86_64-alt-linux --build=x86_64-alt-linux --target=x86_64-alt-linux --prefix=/usr --exec-prefix=/usr --bindir=/usr/bin --sbindir=/usr/sbin --sysconfdir=/etc --datadir=/usr/share --includedir=/usr/include --libdir=/usr/lib64 --libexecdir=/usr/libexec --localstatedir=/var/lib --sharedstatedir=/var/lib --mandir=/usr/share/man --infodir=/usr/share/info --disable-dependency-tracking --disable-silent-rules --without-included-gettext --enable-shared --program-suffix=-10 --with-slibdir=/lib64 --with-bugurl=http://bugzilla.altlinux.org --enable-__cxa_atexit --enable-threads=posix --enable-checking=release --with-system-zlib --without-included-gettext --enable-multilib --enable-default-pie --enable-gnu-unique-object --enable-linker-build-id --with-linker-hash-style=gnu --with-arch_32=i586 --with-tune_32=generic --with-multilib-list=m64,m32,mx32 --with-gcc-major-version-only --enable-vtable-verify --enable-bootstrap --enable-languages=c,c++,fortran,objc,obj-c++,ada,go,d,lto --enable-plugin
Thread model: posix
Supported LTO compression algorithms: zlib
gcc version 10.3.1 20210703 (ALT Sisyphus 10.3.1-alt2) (GCC) 
configure:2734: $? = 0
configure:2723: gcc -V >&5
x86_64-alt-linux-gcc: error: unrecognized command-line option '-V'
x86_64-alt-linux-gcc: fatal error: no input files
compilation terminated.
configure:2734: $? = 1
configure:2723: gcc -qversion >&5
x86_64-alt-linux-gcc: error: unrecognized command-line option '-qversion'; did you mean '--version'?
x86_64-alt-linux-gcc: fatal error: no input files
compilation terminated.
configure:2734: $? = 1
configure:2754: checking whether the C compiler works
configure:2776: gcc    conftest.c  >&5
configure:2780: $? = 0
configure:2828: result: yes
configure:2831: checking for C compiler default output file name
configure:2833: result: a.out
configure:2839: checking for suffix of executables
configure:2846: gcc -o conftest    conftest.c  >&5
configure:2850: $? = 0
configure:2872: result: 
configure:2894: checking whether we are cross compiling
configure:2902: gcc -o conftest    conftest.c  >&5
configure:2906: $? = 0
configure:2913: ./conftest
configure:2917: $? = 0
configure:2932: result: no
configure:2937: checking for suffix of object files
configure:2959: gcc -c   conftest.c >&5
configure:2963: $? = 0
configure:2984: result: o
configure:2988: checking whether we are using the GNU C compiler
configure:3007: gcc -c   conftest.c >&5
configure:3007: $? = 0
configure:3016: result: yes
configure:3025: checking whether gcc accepts -g
configure:3045: gcc -c -g  conftest.c >&5
configure:3045: $? = 0
configure:3086: result: yes
configure:3103: checking for gcc option to accept ISO C89
configure:3166: gcc  -c -g -O2  conftest.c >&5
configure:3166: $? = 0
configure:3179: result: none needed
configure:3204: checking whether gcc understands -c and -o together
configure:3226: gcc -c conftest.c -o conftest2.o
configure:3229: $? = 0
configure:3226: gcc -c conftest.c -o conftest2.o
configure:3229: $? = 0
configure:3241: result: yes
configure:3261: checking whether make supports the include directive
configure:3276: make -f confmf.GNU && cat confinc.out
this is the am__doit target
configure:3279: $? = 0
configure:3298: result: yes (GNU style)
configure:3323: checking dependency style of gcc
configure:3434: result: gcc3
configure:3503: checking for pkg-config
configure:3521: found /usr/bin/pkg-config
configure:3533: result: /usr/bin/pkg-config
configure:3558: checking pkg-config is at least version 0.9.0
configure:3561: result: yes
configure:3571: checking for openssl >= 1.0
configure:3578: $PKG_CONFIG --exists --print-errors "openssl >= 1.0"
configure:3581: $? = 0
configure:3595: $PKG_CONFIG --exists --print-errors "openssl >= 1.0"
configure:3598: $? = 0
configure:3656: result: yes
configure:3807: checking that generated files are newer than configure
configure:3813: result: done
configure:3836: creating ./config.status

## ---------------------- ##
## Running config.status. ##
## ---------------------- ##

This file was extended by my_hash_project config.status 1.0, which was
generated by GNU Autoconf 2.69.  Invocation command line was

  CONFIG_FILES    = 
  CONFIG_HEADERS  = 
  CONFIG_LINKS    = 
  CONFIG_COMMANDS = 
  $ ./config.status 

on soloveva

config.status:773: creating Makefile
config.status:945: executing depfiles commands
config.status:1022: cd .       && sed -e '/# am--include-marker/d' Makefile         | make -f - am--depfiles
config.status:1027: $? = 0

## ---------------- ##
## Cache variables. ##
## ---------------- ##

ac_cv_c_compiler_gnu=yes
ac_cv_env_CC_set=
ac_cv_env_CC_value=
ac_cv_env_CFLAGS_set=
ac_cv_env_CFLAGS_value=
ac_cv_env_CPPFLAGS_set=
ac_cv_env_CPPFLAGS_value=
ac_cv_env_LDFLAGS_set=
ac_cv_env_LDFLAGS_value=
ac_cv_env_LIBS_set=
ac_cv_env_LIBS_value=
ac_cv_env_OPENSSL_CFLAGS_set=
ac_cv_env_OPENSSL_CFLAGS_value=
ac_cv_env_OPENSSL_LIBS_set=
ac_cv_env_OPENSSL_LIBS_value=
ac_cv_env_PKG_CONFIG_LIBDIR_set=
ac_cv_env_PKG_CONFIG_LIBDIR_value=
ac_cv_env_PKG_CONFIG_PATH_set=
ac_cv_env_PKG_CONFIG_PATH_value=
ac_cv_env_PKG_CONFIG_set=
ac_cv_env_PKG_CONFIG_value=
ac_cv_env_build_alias_set=
ac_cv_env_build_alias_value=
ac_cv_env_host_alias_set=
ac_cv_env_host_alias_value=
ac_cv_env_target_alias_set=
ac_cv_env_target_alias_value=
ac_cv_objext=o
ac_cv_path_ac_pt_PKG_CONFIG=/usr/bin/pkg-config
ac_cv_path_install='/usr/bin/ginstall -c'
ac_cv_path_mkdir=/bin/mkdir
ac_cv_prog_AWK=gawk
ac_cv_prog_ac_ct_CC=gcc
ac_cv_prog_cc_c89=
ac_cv_prog_cc_g=yes
ac_cv_prog_make_make_set=yes
am_cv_CC_dependencies_compiler_type=gcc3
am_cv_make_support_nested_variables=yes
am_cv_prog_cc_c_o=yes
pkg_cv_OPENSSL_CFLAGS=
pkg_cv_OPENSSL_LIBS='-lssl -lcrypto'

## ----------------- ##
## Output variables. ##
## ----------------- ##

ACLOCAL='${SHELL} '\''/home/user/MyGitProject/07_environmental/missing'\'' aclocal-1.16'
AMDEPBACKSLASH='\'
AMDEP_FALSE='#'
AMDEP_TRUE=''
AMTAR='$${TAR-tar}'
AM_BACKSLASH='\'
AM_DEFAULT_V='$(AM_DEFAULT_VERBOSITY)'
AM_DEFAULT_VERBOSITY='1'
AM_V='$(V)'
AUTOCONF='${SHELL} '\''/home/user/MyGitProject/07_environmental/missing'\'' autoconf'
AUTOHEADER='${SHELL} '\''/home/user/MyGitProject/07_environmental/missing'\'' autoheader'
AUTOMAKE='${SHELL} '\''/home/user/MyGitProject/07_environmental/missing'\'' automake-1.16'
AWK='gawk'
CC='gcc'
CCDEPMODE='depmode=gcc3'
CFLAGS='-g -O2'
CPPFLAGS=''
CYGPATH_W='echo'
DEFS='-DPACKAGE_NAME=\"my_hash_project\" -DPACKAGE_TARNAME=\"my_hash_project\" -DPACKAGE_VERSION=\"1.0\" -DPACKAGE_STRING=\"my_hash_project\ 1.0\" -DPACKAGE_BUGREPORT=\"youremail@example.com\" -DPACKAGE_URL=\"\" -DPACKAGE=\"my_hash_project\" -DVERSION=\"1.0\"'
DEPDIR='.deps'
ECHO_C=''
ECHO_N='-n'
ECHO_T=''
EXEEXT=''
INSTALL_DATA='${INSTALL} -m 644'
INSTALL_PROGRAM='${INSTALL}'
INSTALL_SCRIPT='${INSTALL}'
INSTALL_STRIP_PROGRAM='$(install_sh) -c -s'
LDFLAGS=''
LIBOBJS=''
LIBS=''
LTLIBOBJS=''
MAKEINFO='${SHELL} '\''/home/user/MyGitProject/07_environmental/missing'\'' makeinfo'
MKDIR_P='/bin/mkdir -p'
OBJEXT='o'
OPENSSL_CFLAGS=''
OPENSSL_LIBS='-lssl -lcrypto'
PACKAGE='my_hash_project'
PACKAGE_BUGREPORT='youremail@example.com'
PACKAGE_NAME='my_hash_project'
PACKAGE_STRING='my_hash_project 1.0'
PACKAGE_TARNAME='my_hash_project'
PACKAGE_URL=''
PACKAGE_VERSION='1.0'
PATH_SEPARATOR=':'
PKG_CONFIG='/usr/bin/pkg-config'
PKG_CONFIG_LIBDIR=''
PKG_CONFIG_PATH=''
SET_MAKE=''
SHELL='/bin/sh'
STRIP=''
VERSION='1.0'
ac_ct_CC='gcc'
am__EXEEXT_FALSE=''
am__EXEEXT_TRUE='#'
am__fastdepCC_FALSE='#'
am__fastdepCC_TRUE=''
am__include='include'
am__isrc=''
am__leading_dot='.'
am__nodep='_no'
am__quote=''
am__tar='$${TAR-tar} chof - "$$tardir"'
am__untar='$${TAR-tar} xf -'
bindir='${exec_prefix}/bin'
build_alias=''
datadir='${datarootdir}'
datarootdir='${prefix}/share'
docdir='${datarootdir}/doc/${PACKAGE_TARNAME}'
dvidir='${docdir}'
exec_prefix='${prefix}'
host_alias=''
htmldir='${docdir}'
includedir='${prefix}/include'
infodir='${datarootdir}/info'
install_sh='${SHELL} /home/user/MyGitProject/07_environmental/install-sh'
libdir='${exec_prefix}/lib'
libexecdir='${exec_prefix}/libexec'
localedir='${datarootdir}/locale'
localstatedir='${prefix}/var'
mandir='${datarootdir}/man'
mkdir_p='$(MKDIR_P)'
oldincludedir='/usr/include'
pdfdir='${docdir}'
prefix='/usr/local'
program_transform_name='s,x,x,'
psdir='${docdir}'
sbindir='${exec_prefix}/sbin'
sharedstatedir='${prefix}/com'
sysconfdir='${prefix}/etc'
target_alias=''

## ----------- ##
## confdefs.h. ##
## ----------- ##

/* confdefs.h */
#define PACKAGE_NAME "my_hash_project"
#define PACKAGE_TARNAME "my_hash_project"
#define PACKAGE_VERSION "1.0"
#define PACKAGE_STRING "my_hash_project 1.0"
#define PACKAGE_BUGREPORT "youremail@example.com"
#define PACKAGE_URL ""
#define PACKAGE "my_hash_project"
#define VERSION "1.0"

configure: exit 0
